\BOOKMARK [1][-]{section.1}{\376\377\000I\000n\000l\000e\000d\000n\000i\000n\000g}{}% 1
\BOOKMARK [1][-]{section.2}{\376\377\000R\000e\000l\000a\000t\000e\000r\000a\000t\000\040\000a\000r\000b\000e\000t\000e}{}% 2
\BOOKMARK [1][-]{section.3}{\376\377\000\326\000v\000e\000r\000s\000i\000k\000t\000\040\000\366\000v\000e\000r\000\040\000s\000y\000s\000t\000e\000m\000e\000t}{}% 3
\BOOKMARK [2][-]{subsection.3.1}{\376\377\000C\000o\000n\000c\000u\000r\000r\000e\000n\000c\000y}{section.3}% 4
\BOOKMARK [2][-]{subsection.3.2}{\376\377\000S\000y\000s\000t\000e\000m\000d\000e\000s\000i\000g\000n}{section.3}% 5
\BOOKMARK [3][-]{subsubsection.3.2.1}{\376\377\000A\000n\000t}{subsection.3.2}% 6
\BOOKMARK [3][-]{subsubsection.3.2.2}{\376\377\000C\000e\000l\000l}{subsection.3.2}% 7
\BOOKMARK [3][-]{subsubsection.3.2.3}{\376\377\000M\000e\000s\000s\000a\000g\000e\000\137\000B\000u\000f\000f\000e\000r}{subsection.3.2}% 8
\BOOKMARK [3][-]{subsubsection.3.2.4}{\376\377\000G\000U\000I}{subsection.3.2}% 9
\BOOKMARK [3][-]{subsubsection.3.2.5}{\376\377\000G\000r\000i\000d\000\137\000I\000n\000i\000t}{subsection.3.2}% 10
\BOOKMARK [1][-]{section.4}{\376\377\000I\000m\000p\000l\000e\000m\000e\000n\000t\000a\000t\000i\000o\000n}{}% 11
\BOOKMARK [2][-]{subsection.4.1}{\376\377\000G\000U\000I}{section.4}% 12
\BOOKMARK [3][-]{subsubsection.4.1.1}{\376\377\000E\000r\000l\000p\000o\000r\000t}{subsection.4.1}% 13
\BOOKMARK [3][-]{subsubsection.4.1.2}{\376\377\000P\000y\000g\000a\000m\000e}{subsection.4.1}% 14
\BOOKMARK [2][-]{subsection.4.2}{\376\377\000A\000n\000t\000s\000\040\000a\000n\000d\000\040\000C\000e\000l\000l\000s}{section.4}% 15
\BOOKMARK [3][-]{subsubsection.4.2.1}{\376\377\000M\000y\000r\000a\000n\000s\000\040\000a\000l\000g\000o\000r\000i\000t\000m}{subsection.4.2}% 16
\BOOKMARK [3][-]{subsubsection.4.2.2}{\376\377\000G\000r\000i\000d\000\137\000I\000n\000i\000t}{subsection.4.2}% 17
\BOOKMARK [2][-]{subsection.4.3}{\376\377\000C\000o\000n\000c\000u\000r\000r\000e\000n\000c\000y}{section.4}% 18
\BOOKMARK [3][-]{subsubsection.4.3.1}{\376\377\000D\000e\000a\000d\000l\000o\000c\000k\000s}{subsection.4.3}% 19
\BOOKMARK [1][-]{section.5}{\376\377\000S\000l\000u\000t\000s\000a\000t\000s\000e\000r}{}% 20
